<?xml version="1.0" encoding="UTF-8"?>
<testng-results skipped="0" failed="0" ignored="0" total="0" passed="0">
  <reporter-output>
  </reporter-output>
  <suite name="ProjectFieldTest.projectmvn.AppTest" duration-ms="6" started-at="2019-06-15T14:37:51Z" finished-at="2019-06-15T14:37:51Z">
    <groups>
    </groups>
    <test name="Command line test" duration-ms="6" started-at="2019-06-15T14:37:51Z" finished-at="2019-06-15T14:37:51Z">
    </test> <!-- Command line test -->
  </suite> <!-- ProjectFieldTest.projectmvn.AppTest -->
</testng-results>
